0 verbose cli C:\Program Files\nodejs\node.exe C:\Program Files\nodejs\node_modules\npm\bin\npm-cli.js
1 info using npm@10.8.2
2 info using node@v20.20.2
3 silly config load:file:C:\Program Files\nodejs\node_modules\npm\npmrc
4 silly config load:file:C:\projects\Dynamic\.npmrc
5 silly config load:file:C:\Users\lokes\.npmrc
6 silly config load:file:C:\Users\lokesh\AppData\Roaming\npm\etc\npmrc
7 verbose title npm install concurrently
8 verbose argv "install" "--save-dev" "concurrently" "--cache" "./npm-cache"
9 verbose logfile logs-max:10 dir:C:\projects\Dynamic\npm-cache\_logs\2026-04-23T09_36_37_392Z-
10 verbose logfile C:\projects\Dynamic\npm-cache\_logs\2026-04-23T09_36_37_392Z-debug-0.log
11 silly packumentCache heap:2197815296 maxSize:549453824 maxEntrySize:274726912
12 silly logfile done cleaning log files
13 silly idealTree buildDeps
14 silly fetch manifest concurrently@*
15 silly packumentCache full:https://registry.npmjs.org/concurrently cache-miss
16 http fetch GET 200 https://registry.npmjs.org/concurrently 205ms (cache miss)
17 silly packumentCache full:https://registry.npmjs.org/concurrently set size:undefined disposed:false
18 silly placeDep ROOT concurrently@9.2.1 OK for: dynamic-form-builder@0.0.0 want: *
19 silly fetch manifest rxjs@7.8.2
20 silly packumentCache full:https://registry.npmjs.org/rxjs cache-miss
21 silly fetch manifest chalk@4.1.2
22 silly packumentCache full:https://registry.npmjs.org/chalk cache-miss
23 silly fetch manifest yargs@17.7.2
24 silly packumentCache full:https://registry.npmjs.org/yargs cache-miss
25 silly fetch manifest tree-kill@1.2.2
26 silly packumentCache full:https://registry.npmjs.org/tree-kill cache-miss
27 silly fetch manifest shell-quote@1.8.3
28 silly packumentCache full:https://registry.npmjs.org/shell-quote cache-miss
29 silly fetch manifest supports-color@8.1.1
30 silly packumentCache full:https://registry.npmjs.org/supports-color cache-miss
31 http fetch GET 200 https://registry.npmjs.org/chalk 50ms (cache miss)
32 silly packumentCache full:https://registry.npmjs.org/chalk set size:undefined disposed:false
33 http fetch GET 200 https://registry.npmjs.org/tree-kill 64ms (cache miss)
34 silly packumentCache full:https://registry.npmjs.org/tree-kill set size:undefined disposed:false
35 http fetch GET 200 https://registry.npmjs.org/shell-quote 78ms (cache miss)
36 silly packumentCache full:https://registry.npmjs.org/shell-quote set size:undefined disposed:false
37 http fetch GET 200 https://registry.npmjs.org/yargs 97ms (cache miss)
38 silly packumentCache full:https://registry.npmjs.org/yargs set size:undefined disposed:false
39 http fetch GET 200 https://registry.npmjs.org/supports-color 102ms (cache miss)
40 silly packumentCache full:https://registry.npmjs.org/supports-color set size:undefined disposed:false
41 http fetch GET 200 https://registry.npmjs.org/rxjs 118ms (cache miss)
42 silly packumentCache full:https://registry.npmjs.org/rxjs set size:undefined disposed:false
43 silly placeDep ROOT chalk@4.1.2 OK for: concurrently@9.2.1 want: 4.1.2
44 silly placeDep ROOT rxjs@7.8.2 OK for: concurrently@9.2.1 want: 7.8.2
45 silly placeDep ROOT shell-quote@1.8.3 OK for: concurrently@9.2.1 want: 1.8.3
46 silly placeDep ROOT supports-color@8.1.1 OK for: concurrently@9.2.1 want: 8.1.1
47 silly placeDep ROOT tree-kill@1.2.2 OK for: concurrently@9.2.1 want: 1.2.2
48 silly placeDep ROOT yargs@17.7.2 OK for: concurrently@9.2.1 want: 17.7.2
49 silly fetch manifest ansi-styles@^4.1.0
50 silly packumentCache full:https://registry.npmjs.org/ansi-styles cache-miss
51 silly fetch manifest supports-color@^7.1.0
52 silly packumentCache full:https://registry.npmjs.org/supports-color cache-miss
53 silly fetch manifest tslib@^2.1.0
54 silly packumentCache full:https://registry.npmjs.org/tslib cache-miss
55 silly fetch manifest has-flag@^4.0.0
56 silly packumentCache full:https://registry.npmjs.org/has-flag cache-miss
57 silly fetch manifest y18n@^5.0.5
58 silly packumentCache full:https://registry.npmjs.org/y18n cache-miss
59 silly fetch manifest cliui@^8.0.1
60 silly packumentCache full:https://registry.npmjs.org/cliui cache-miss
61 silly fetch manifest string-width@^4.2.3
62 silly packumentCache full:https://registry.npmjs.org/string-width cache-miss
63 http fetch GET 200 https://registry.npmjs.org/supports-color 19ms (cache hit)
64 silly packumentCache full:https://registry.npmjs.org/supports-color set size:118680 disposed:false
65 silly fetch manifest yargs-parser@^21.1.1
66 silly packumentCache full:https://registry.npmjs.org/yargs-parser cache-miss
67 http fetch GET 200 https://registry.npmjs.org/has-flag 49ms (cache miss)
68 silly packumentCache full:https://registry.npmjs.org/has-flag set size:undefined disposed:false
69 silly fetch manifest get-caller-file@^2.0.5
70 silly packumentCache full:https://registry.npmjs.org/get-caller-file cache-miss
71 http fetch GET 200 https://registry.npmjs.org/ansi-styles 58ms (cache miss)
72 silly packumentCache full:https://registry.npmjs.org/ansi-styles set size:undefined disposed:false
73 silly fetch manifest require-directory@^2.1.1
74 silly packumentCache full:https://registry.npmjs.org/require-directory cache-miss
75 http fetch GET 200 https://registry.npmjs.org/string-width 61ms (cache miss)
76 silly packumentCache full:https://registry.npmjs.org/string-width set size:undefined disposed:false
77 http fetch GET 200 https://registry.npmjs.org/cliui 63ms (cache miss)
78 silly packumentCache full:https://registry.npmjs.org/cliui set size:undefined disposed:false
79 http fetch GET 200 https://registry.npmjs.org/y18n 64ms (cache miss)
80 silly packumentCache full:https://registry.npmjs.org/y18n set size:undefined disposed:false
81 http fetch GET 200 https://registry.npmjs.org/tslib 69ms (cache miss)
82 silly packumentCache full:https://registry.npmjs.org/tslib set size:undefined disposed:false
83 http fetch GET 200 https://registry.npmjs.org/yargs-parser 53ms (cache miss)
84 silly packumentCache full:https://registry.npmjs.org/yargs-parser set size:undefined disposed:false
85 http fetch GET 200 https://registry.npmjs.org/get-caller-file 37ms (cache miss)
86 silly packumentCache full:https://registry.npmjs.org/get-caller-file set size:undefined disposed:false
87 http fetch GET 200 https://registry.npmjs.org/require-directory 32ms (cache miss)
88 silly packumentCache full:https://registry.npmjs.org/require-directory set size:undefined disposed:false
89 silly placeDep ROOT ansi-styles@4.3.0 OK for: chalk@4.1.2 want: ^4.1.0
90 silly placeDep node_modules/chalk supports-color@7.2.0 OK for: chalk@4.1.2 want: ^7.1.0
91 silly fetch manifest color-convert@^2.0.1
92 silly packumentCache full:https://registry.npmjs.org/color-convert cache-miss
93 http fetch GET 200 https://registry.npmjs.org/color-convert 31ms (cache miss)
94 silly packumentCache full:https://registry.npmjs.org/color-convert set size:undefined disposed:false
95 silly placeDep ROOT color-convert@2.0.1 OK for: ansi-styles@4.3.0 want: ^2.0.1
96 silly fetch manifest color-name@~1.1.4
97 silly packumentCache full:https://registry.npmjs.org/color-name cache-miss
98 http fetch GET 200 https://registry.npmjs.org/color-name 26ms (cache miss)
99 silly packumentCache full:https://registry.npmjs.org/color-name set size:undefined disposed:false
100 silly placeDep ROOT color-name@1.1.4 OK for: color-convert@2.0.1 want: ~1.1.4
101 silly placeDep ROOT tslib@2.8.1 OK for: rxjs@7.8.2 want: ^2.1.0
102 silly placeDep ROOT has-flag@4.0.0 OK for: supports-color@8.1.1 want: ^4.0.0
103 silly placeDep ROOT cliui@8.0.1 OK for: yargs@17.7.2 want: ^8.0.1
104 silly placeDep ROOT get-caller-file@2.0.5 OK for: yargs@17.7.2 want: ^2.0.5
105 silly placeDep ROOT require-directory@2.1.1 OK for: yargs@17.7.2 want: ^2.1.1
106 silly placeDep ROOT string-width@4.2.3 OK for: yargs@17.7.2 want: ^4.2.3
107 silly placeDep ROOT y18n@5.0.8 OK for: yargs@17.7.2 want: ^5.0.5
108 silly placeDep ROOT yargs-parser@21.1.1 OK for: yargs@17.7.2 want: ^21.1.1
109 silly fetch manifest wrap-ansi@^7.0.0
110 silly packumentCache full:https://registry.npmjs.org/wrap-ansi cache-miss
111 silly fetch manifest strip-ansi@^6.0.1
112 silly packumentCache full:https://registry.npmjs.org/strip-ansi cache-miss
113 silly fetch manifest string-width@^4.2.0
114 silly packumentCache full:https://registry.npmjs.org/string-width cache-miss
115 silly fetch manifest strip-ansi@^6.0.1
116 silly packumentCache full:https://registry.npmjs.org/strip-ansi cache-miss
117 silly fetch manifest emoji-regex@^8.0.0
118 silly packumentCache full:https://registry.npmjs.org/emoji-regex cache-miss
119 silly fetch manifest is-fullwidth-code-point@^3.0.0
120 silly packumentCache full:https://registry.npmjs.org/is-fullwidth-code-point cache-miss
121 http fetch GET 200 https://registry.npmjs.org/string-width 13ms (cache hit)
122 silly packumentCache full:https://registry.npmjs.org/string-width set size:68305 disposed:false
123 http fetch GET 200 https://registry.npmjs.org/is-fullwidth-code-point 42ms (cache miss)
124 silly packumentCache full:https://registry.npmjs.org/is-fullwidth-code-point set size:undefined disposed:false
125 http fetch GET 200 https://registry.npmjs.org/wrap-ansi 45ms (cache miss)
126 silly packumentCache full:https://registry.npmjs.org/wrap-ansi set size:undefined disposed:false
127 http fetch GET 200 https://registry.npmjs.org/strip-ansi 46ms (cache miss)
128 silly packumentCache full:https://registry.npmjs.org/strip-ansi set size:undefined disposed:false
129 http fetch GET 200 https://registry.npmjs.org/strip-ansi 49ms (cache miss)
130 silly packumentCache full:https://registry.npmjs.org/strip-ansi set size:undefined disposed:false
131 http fetch GET 200 https://registry.npmjs.org/emoji-regex 50ms (cache miss)
132 silly packumentCache full:https://registry.npmjs.org/emoji-regex set size:undefined disposed:false
133 silly placeDep ROOT strip-ansi@6.0.1 OK for: cliui@8.0.1 want: ^6.0.1
134 silly placeDep ROOT wrap-ansi@7.0.0 OK for: cliui@8.0.1 want: ^7.0.0
135 silly fetch manifest ansi-regex@^5.0.1
136 silly packumentCache full:https://registry.npmjs.org/ansi-regex cache-miss
137 http fetch GET 200 https://registry.npmjs.org/ansi-regex 24ms (cache miss)
138 silly packumentCache full:https://registry.npmjs.org/ansi-regex set size:undefined disposed:false
139 silly placeDep ROOT emoji-regex@8.0.0 OK for: string-width@4.2.3 want: ^8.0.0
140 silly placeDep ROOT is-fullwidth-code-point@3.0.0 OK for: string-width@4.2.3 want: ^3.0.0
141 silly placeDep ROOT ansi-regex@5.0.1 OK for: strip-ansi@6.0.1 want: ^5.0.1
142 silly reify moves {}
143 silly audit bulk request {
143 silly audit   '@babel/code-frame': [ '7.29.0' ],
143 silly audit   '@babel/compat-data': [ '7.29.0' ],
143 silly audit   '@babel/core': [ '7.29.0' ],
143 silly audit   '@babel/generator': [ '7.29.1' ],
143 silly audit   '@babel/helper-compilation-targets': [ '7.28.6' ],
143 silly audit   '@babel/helper-globals': [ '7.28.0' ],
143 silly audit   '@babel/helper-module-imports': [ '7.28.6' ],
143 silly audit   '@babel/helper-module-transforms': [ '7.28.6' ],
143 silly audit   '@babel/helper-plugin-utils': [ '7.28.6' ],
143 silly audit   '@babel/helper-string-parser': [ '7.27.1' ],
143 silly audit   '@babel/helper-validator-identifier': [ '7.28.5' ],
143 silly audit   '@babel/helper-validator-option': [ '7.27.1' ],
143 silly audit   '@babel/helpers': [ '7.29.2' ],
143 silly audit   '@babel/parser': [ '7.29.2' ],
143 silly audit   '@babel/plugin-transform-react-jsx-self': [ '7.27.1' ],
143 silly audit   '@babel/plugin-transform-react-jsx-source': [ '7.27.1' ],
143 silly audit   '@babel/template': [ '7.28.6' ],
143 silly audit   '@babel/traverse': [ '7.29.0' ],
143 silly audit   '@babel/types': [ '7.29.0' ],
143 silly audit   '@esbuild/aix-ppc64': [ '0.21.5' ],
143 silly audit   '@esbuild/android-arm': [ '0.21.5' ],
143 silly audit   '@esbuild/android-arm64': [ '0.21.5' ],
143 silly audit   '@esbuild/android-x64': [ '0.21.5' ],
143 silly audit   '@esbuild/darwin-arm64': [ '0.21.5' ],
143 silly audit   '@esbuild/darwin-x64': [ '0.21.5' ],
143 silly audit   '@esbuild/freebsd-arm64': [ '0.21.5' ],
143 silly audit   '@esbuild/freebsd-x64': [ '0.21.5' ],
143 silly audit   '@esbuild/linux-arm': [ '0.21.5' ],
143 silly audit   '@esbuild/linux-arm64': [ '0.21.5' ],
143 silly audit   '@esbuild/linux-ia32': [ '0.21.5' ],
143 silly audit   '@esbuild/linux-loong64': [ '0.21.5' ],
143 silly audit   '@esbuild/linux-mips64el': [ '0.21.5' ],
143 silly audit   '@esbuild/linux-ppc64': [ '0.21.5' ],
143 silly audit   '@esbuild/linux-riscv64': [ '0.21.5' ],
143 silly audit   '@esbuild/linux-s390x': [ '0.21.5' ],
143 silly audit   '@esbuild/linux-x64': [ '0.21.5' ],
143 silly audit   '@esbuild/netbsd-x64': [ '0.21.5' ],
143 silly audit   '@esbuild/openbsd-x64': [ '0.21.5' ],
143 silly audit   '@esbuild/sunos-x64': [ '0.21.5' ],
143 silly audit   '@esbuild/win32-arm64': [ '0.21.5' ],
143 silly audit   '@esbuild/win32-ia32': [ '0.21.5' ],
143 silly audit   '@esbuild/win32-x64': [ '0.21.5' ],
143 silly audit   '@jridgewell/gen-mapping': [ '0.3.13' ],
143 silly audit   '@jridgewell/remapping': [ '2.3.5' ],
143 silly audit   '@jridgewell/resolve-uri': [ '3.1.2' ],
143 silly audit   '@jridgewell/sourcemap-codec': [ '1.5.5' ],
143 silly audit   '@jridgewell/trace-mapping': [ '0.3.31' ],
143 silly audit   '@rolldown/pluginutils': [ '1.0.0-beta.27' ],
143 silly audit   '@rollup/rollup-android-arm-eabi': [ '4.60.2' ],
143 silly audit   '@rollup/rollup-android-arm64': [ '4.60.2' ],
143 silly audit   '@rollup/rollup-darwin-arm64': [ '4.60.2' ],
143 silly audit   '@rollup/rollup-darwin-x64': [ '4.60.2' ],
143 silly audit   '@rollup/rollup-freebsd-arm64': [ '4.60.2' ],
143 silly audit   '@rollup/rollup-freebsd-x64': [ '4.60.2' ],
143 silly audit   '@rollup/rollup-linux-arm-gnueabihf': [ '4.60.2' ],
143 silly audit   '@rollup/rollup-linux-arm-musleabihf': [ '4.60.2' ],
143 silly audit   '@rollup/rollup-linux-arm64-gnu': [ '4.60.2' ],
143 silly audit   '@rollup/rollup-linux-arm64-musl': [ '4.60.2' ],
143 silly audit   '@rollup/rollup-linux-loong64-gnu': [ '4.60.2' ],
143 silly audit   '@rollup/rollup-linux-loong64-musl': [ '4.60.2' ],
143 silly audit   '@rollup/rollup-linux-ppc64-gnu': [ '4.60.2' ],
143 silly audit   '@rollup/rollup-linux-ppc64-musl': [ '4.60.2' ],
143 silly audit   '@rollup/rollup-linux-riscv64-gnu': [ '4.60.2' ],
143 silly audit   '@rollup/rollup-linux-riscv64-musl': [ '4.60.2' ],
143 silly audit   '@rollup/rollup-linux-s390x-gnu': [ '4.60.2' ],
143 silly audit   '@rollup/rollup-linux-x64-gnu': [ '4.60.2' ],
143 silly audit   '@rollup/rollup-linux-x64-musl': [ '4.60.2' ],
143 silly audit   '@rollup/rollup-openbsd-x64': [ '4.60.2' ],
143 silly audit   '@rollup/rollup-openharmony-arm64': [ '4.60.2' ],
143 silly audit   '@rollup/rollup-win32-arm64-msvc': [ '4.60.2' ],
143 silly audit   '@rollup/rollup-win32-ia32-msvc': [ '4.60.2' ],
143 silly audit   '@rollup/rollup-win32-x64-gnu': [ '4.60.2' ],
143 silly audit   '@rollup/rollup-win32-x64-msvc': [ '4.60.2' ],
143 silly audit   '@types/babel__core': [ '7.20.5' ],
143 silly audit   '@types/babel__generator': [ '7.27.0' ],
143 silly audit   '@types/babel__template': [ '7.4.4' ],
143 silly audit   '@types/babel__traverse': [ '7.28.0' ],
143 silly audit   '@types/estree': [ '1.0.8' ],
143 silly audit   '@vitejs/plugin-react': [ '4.7.0' ],
143 silly audit   asynckit: [ '0.4.0' ],
143 silly audit   axios: [ '1.15.2' ],
143 silly audit   'baseline-browser-mapping': [ '2.10.20' ],
143 silly audit   browserslist: [ '4.28.2' ],
143 silly audit   'call-bind-apply-helpers': [ '1.0.2' ],
143 silly audit   'caniuse-lite': [ '1.0.30001788' ],
143 silly audit   'combined-stream': [ '1.0.8' ],
143 silly audit   'convert-source-map': [ '2.0.0' ],
143 silly audit   debug: [ '4.4.3' ],
143 silly audit   'delayed-stream': [ '1.0.0' ],
143 silly audit   'dunder-proto': [ '1.0.1' ],
143 silly audit   'electron-to-chromium': [ '1.5.340' ],
143 silly audit   'es-define-property': [ '1.0.1' ],
143 silly audit   'es-errors': [ '1.3.0' ],
143 silly audit   'es-object-atoms': [ '1.1.1' ],
143 silly audit   'es-set-tostringtag': [ '2.1.0' ],
143 silly audit   esbuild: [ '0.21.5' ],
143 silly audit   escalade: [ '3.2.0' ],
143 silly audit   'follow-redirects': [ '1.16.0' ],
143 silly audit   'form-data': [ '4.0.5' ],
143 silly audit   fsevents: [ '2.3.3' ],
143 silly audit   'function-bind': [ '1.1.2' ],
143 silly audit   gensync: [ '1.0.0-beta.2' ],
143 silly audit   'get-intrinsic': [ '1.3.0' ],
143 silly audit   'get-proto': [ '1.0.1' ],
143 silly audit   gopd: [ '1.2.0' ],
143 silly audit   'has-symbols': [ '1.1.0' ],
143 silly audit   'has-tostringtag': [ '1.0.2' ],
143 silly audit   hasown: [ '2.0.3' ],
143 silly audit   'js-tokens': [ '4.0.0' ],
143 silly audit   jsesc: [ '3.1.0' ],
143 silly audit   json5: [ '2.2.3' ],
143 silly audit   'loose-envify': [ '1.4.0' ],
143 silly audit   'lru-cache': [ '5.1.1' ],
143 silly audit   'lucide-react': [ '0.368.0' ],
143 silly audit   'math-intrinsics': [ '1.1.0' ],
143 silly audit   'mime-db': [ '1.52.0' ],
143 silly audit   'mime-types': [ '2.1.35' ],
143 silly audit   ms: [ '2.1.3' ],
143 silly audit   nanoid: [ '3.3.11' ],
143 silly audit   'node-releases': [ '2.0.37' ],
143 silly audit   picocolors: [ '1.1.1' ],
143 silly audit   postcss: [ '8.5.10' ],
143 silly audit   'proxy-from-env': [ '2.1.0' ],
143 silly audit   react: [ '18.3.1' ],
143 silly audit   'react-dom': [ '18.3.1' ],
143 silly audit   'react-refresh': [ '0.17.0' ],
143 silly audit   rollup: [ '4.60.2' ],
143 silly audit   scheduler: [ '0.23.2' ],
143 silly audit   semver: [ '6.3.1' ],
143 silly audit   'source-map-js': [ '1.2.1' ],
143 silly audit   'update-browserslist-db': [ '1.2.3' ],
143 silly audit   vite: [ '5.4.21' ],
143 silly audit   yallist: [ '3.1.1' ],
143 silly audit   concurrently: [ '9.2.1' ],
143 silly audit   chalk: [ '4.1.2' ],
143 silly audit   rxjs: [ '7.8.2' ],
143 silly audit   'shell-quote': [ '1.8.3' ],
143 silly audit   'supports-color': [ '8.1.1', '7.2.0' ],
143 silly audit   'tree-kill': [ '1.2.2' ],
143 silly audit   yargs: [ '17.7.2' ],
143 silly audit   'ansi-styles': [ '4.3.0' ],
143 silly audit   'color-convert': [ '2.0.1' ],
143 silly audit   'color-name': [ '1.1.4' ],
143 silly audit   tslib: [ '2.8.1' ],
143 silly audit   'has-flag': [ '4.0.0' ],
143 silly audit   cliui: [ '8.0.1' ],
143 silly audit   'get-caller-file': [ '2.0.5' ],
143 silly audit   'require-directory': [ '2.1.1' ],
143 silly audit   'string-width': [ '4.2.3' ],
143 silly audit   y18n: [ '5.0.8' ],
143 silly audit   'yargs-parser': [ '21.1.1' ],
143 silly audit   'strip-ansi': [ '6.0.1' ],
143 silly audit   'wrap-ansi': [ '7.0.0' ],
143 silly audit   'emoji-regex': [ '8.0.0' ],
143 silly audit   'is-fullwidth-code-point': [ '3.0.0' ],
143 silly audit   'ansi-regex': [ '5.0.1' ]
143 silly audit }
144 verbose reify failed optional dependency C:\projects\Dynamic\node_modules\fsevents
145 silly reify mark deleted [ 'C:\\projects\\Dynamic\\node_modules\\fsevents' ]
146 verbose reify failed optional dependency C:\projects\Dynamic\node_modules\@rollup\rollup-win32-ia32-msvc
147 silly reify mark deleted [
147 silly reify   'C:\\projects\\Dynamic\\node_modules\\@rollup\\rollup-win32-ia32-msvc'
147 silly reify ]
148 verbose reify failed optional dependency C:\projects\Dynamic\node_modules\@rollup\rollup-win32-arm64-msvc
149 silly reify mark deleted [
149 silly reify   'C:\\projects\\Dynamic\\node_modules\\@rollup\\rollup-win32-arm64-msvc'
149 silly reify ]
150 verbose reify failed optional dependency C:\projects\Dynamic\node_modules\@rollup\rollup-openharmony-arm64
151 silly reify mark deleted [
151 silly reify   'C:\\projects\\Dynamic\\node_modules\\@rollup\\rollup-openharmony-arm64'
151 silly reify ]
152 verbose reify failed optional dependency C:\projects\Dynamic\node_modules\@rollup\rollup-openbsd-x64
153 silly reify mark deleted [ 'C:\\projects\\Dynamic\\node_modules\\@rollup\\rollup-openbsd-x64' ]
154 verbose reify failed optional dependency C:\projects\Dynamic\node_modules\@rollup\rollup-linux-x64-musl
155 silly reify mark deleted [
155 silly reify   'C:\\projects\\Dynamic\\node_modules\\@rollup\\rollup-linux-x64-musl'
155 silly reify ]
156 verbose reify failed optional dependency C:\projects\Dynamic\node_modules\@rollup\rollup-linux-x64-gnu
157 silly reify mark deleted [
157 silly reify   'C:\\projects\\Dynamic\\node_modules\\@rollup\\rollup-linux-x64-gnu'
157 silly reify ]
158 verbose reify failed optional dependency C:\projects\Dynamic\node_modules\@rollup\rollup-linux-s390x-gnu
159 silly reify mark deleted [
159 silly reify   'C:\\projects\\Dynamic\\node_modules\\@rollup\\rollup-linux-s390x-gnu'
159 silly reify ]
160 verbose reify failed optional dependency C:\projects\Dynamic\node_modules\@rollup\rollup-linux-riscv64-musl
161 silly reify mark deleted [
161 silly reify   'C:\\projects\\Dynamic\\node_modules\\@rollup\\rollup-linux-riscv64-musl'
161 silly reify ]
162 verbose reify failed optional dependency C:\projects\Dynamic\node_modules\@rollup\rollup-linux-riscv64-gnu
163 silly reify mark deleted [
163 silly reify   'C:\\projects\\Dynamic\\node_modules\\@rollup\\rollup-linux-riscv64-gnu'
163 silly reify ]
164 verbose reify failed optional dependency C:\projects\Dynamic\node_modules\@rollup\rollup-linux-ppc64-musl
165 silly reify mark deleted [
165 silly reify   'C:\\projects\\Dynamic\\node_modules\\@rollup\\rollup-linux-ppc64-musl'
165 silly reify ]
166 verbose reify failed optional dependency C:\projects\Dynamic\node_modules\@rollup\rollup-linux-ppc64-gnu
167 silly reify mark deleted [
167 silly reify   'C:\\projects\\Dynamic\\node_modules\\@rollup\\rollup-linux-ppc64-gnu'
167 silly reify ]
168 verbose reify failed optional dependency C:\projects\Dynamic\node_modules\@rollup\rollup-linux-loong64-musl
169 silly reify mark deleted [
169 silly reify   'C:\\projects\\Dynamic\\node_modules\\@rollup\\rollup-linux-loong64-musl'
169 silly reify ]
170 verbose reify failed optional dependency C:\projects\Dynamic\node_modules\@rollup\rollup-linux-loong64-gnu
171 silly reify mark deleted [
171 silly reify   'C:\\projects\\Dynamic\\node_modules\\@rollup\\rollup-linux-loong64-gnu'
171 silly reify ]
172 verbose reify failed optional dependency C:\projects\Dynamic\node_modules\@rollup\rollup-linux-arm64-musl
173 silly reify mark deleted [
173 silly reify   'C:\\projects\\Dynamic\\node_modules\\@rollup\\rollup-linux-arm64-musl'
173 silly reify ]
174 verbose reify failed optional dependency C:\projects\Dynamic\node_modules\@rollup\rollup-linux-arm64-gnu
175 silly reify mark deleted [
175 silly reify   'C:\\projects\\Dynamic\\node_modules\\@rollup\\rollup-linux-arm64-gnu'
175 silly reify ]
176 verbose reify failed optional dependency C:\projects\Dynamic\node_modules\@rollup\rollup-linux-arm-musleabihf
177 silly reify mark deleted [
177 silly reify   'C:\\projects\\Dynamic\\node_modules\\@rollup\\rollup-linux-arm-musleabihf'
177 silly reify ]
178 verbose reify failed optional dependency C:\projects\Dynamic\node_modules\@rollup\rollup-linux-arm-gnueabihf
179 silly reify mark deleted [
179 silly reify   'C:\\projects\\Dynamic\\node_modules\\@rollup\\rollup-linux-arm-gnueabihf'
179 silly reify ]
180 verbose reify failed optional dependency C:\projects\Dynamic\node_modules\@rollup\rollup-freebsd-x64
181 silly reify mark deleted [ 'C:\\projects\\Dynamic\\node_modules\\@rollup\\rollup-freebsd-x64' ]
182 verbose reify failed optional dependency C:\projects\Dynamic\node_modules\@rollup\rollup-freebsd-arm64
183 silly reify mark deleted [
183 silly reify   'C:\\projects\\Dynamic\\node_modules\\@rollup\\rollup-freebsd-arm64'
183 silly reify ]
184 verbose reify failed optional dependency C:\projects\Dynamic\node_modules\@rollup\rollup-darwin-x64
185 silly reify mark deleted [ 'C:\\projects\\Dynamic\\node_modules\\@rollup\\rollup-darwin-x64' ]
186 verbose reify failed optional dependency C:\projects\Dynamic\node_modules\@rollup\rollup-darwin-arm64
187 silly reify mark deleted [ 'C:\\projects\\Dynamic\\node_modules\\@rollup\\rollup-darwin-arm64' ]
188 verbose reify failed optional dependency C:\projects\Dynamic\node_modules\@rollup\rollup-android-arm64
189 silly reify mark deleted [
189 silly reify   'C:\\projects\\Dynamic\\node_modules\\@rollup\\rollup-android-arm64'
189 silly reify ]
190 verbose reify failed optional dependency C:\projects\Dynamic\node_modules\@rollup\rollup-android-arm-eabi
191 silly reify mark deleted [
191 silly reify   'C:\\projects\\Dynamic\\node_modules\\@rollup\\rollup-android-arm-eabi'
191 silly reify ]
192 verbose reify failed optional dependency C:\projects\Dynamic\node_modules\@esbuild\win32-ia32
193 silly reify mark deleted [ 'C:\\projects\\Dynamic\\node_modules\\@esbuild\\win32-ia32' ]
194 verbose reify failed optional dependency C:\projects\Dynamic\node_modules\@esbuild\win32-arm64
195 silly reify mark deleted [ 'C:\\projects\\Dynamic\\node_modules\\@esbuild\\win32-arm64' ]
196 verbose reify failed optional dependency C:\projects\Dynamic\node_modules\@esbuild\sunos-x64
197 silly reify mark deleted [ 'C:\\projects\\Dynamic\\node_modules\\@esbuild\\sunos-x64' ]
198 verbose reify failed optional dependency C:\projects\Dynamic\node_modules\@esbuild\openbsd-x64
199 silly reify mark deleted [ 'C:\\projects\\Dynamic\\node_modules\\@esbuild\\openbsd-x64' ]
200 verbose reify failed optional dependency C:\projects\Dynamic\node_modules\@esbuild\netbsd-x64
201 silly reify mark deleted [ 'C:\\projects\\Dynamic\\node_modules\\@esbuild\\netbsd-x64' ]
202 verbose reify failed optional dependency C:\projects\Dynamic\node_modules\@esbuild\linux-x64
203 silly reify mark deleted [ 'C:\\projects\\Dynamic\\node_modules\\@esbuild\\linux-x64' ]
204 verbose reify failed optional dependency C:\projects\Dynamic\node_modules\@esbuild\linux-s390x
205 silly reify mark deleted [ 'C:\\projects\\Dynamic\\node_modules\\@esbuild\\linux-s390x' ]
206 verbose reify failed optional dependency C:\projects\Dynamic\node_modules\@esbuild\linux-riscv64
207 silly reify mark deleted [ 'C:\\projects\\Dynamic\\node_modules\\@esbuild\\linux-riscv64' ]
208 verbose reify failed optional dependency C:\projects\Dynamic\node_modules\@esbuild\linux-ppc64
209 silly reify mark deleted [ 'C:\\projects\\Dynamic\\node_modules\\@esbuild\\linux-ppc64' ]
210 verbose reify failed optional dependency C:\projects\Dynamic\node_modules\@esbuild\linux-mips64el
211 silly reify mark deleted [ 'C:\\projects\\Dynamic\\node_modules\\@esbuild\\linux-mips64el' ]
212 verbose reify failed optional dependency C:\projects\Dynamic\node_modules\@esbuild\linux-loong64
213 silly reify mark deleted [ 'C:\\projects\\Dynamic\\node_modules\\@esbuild\\linux-loong64' ]
214 verbose reify failed optional dependency C:\projects\Dynamic\node_modules\@esbuild\linux-ia32
215 silly reify mark deleted [ 'C:\\projects\\Dynamic\\node_modules\\@esbuild\\linux-ia32' ]
216 verbose reify failed optional dependency C:\projects\Dynamic\node_modules\@esbuild\linux-arm64
217 silly reify mark deleted [ 'C:\\projects\\Dynamic\\node_modules\\@esbuild\\linux-arm64' ]
218 verbose reify failed optional dependency C:\projects\Dynamic\node_modules\@esbuild\linux-arm
219 silly reify mark deleted [ 'C:\\projects\\Dynamic\\node_modules\\@esbuild\\linux-arm' ]
220 verbose reify failed optional dependency C:\projects\Dynamic\node_modules\@esbuild\freebsd-x64
221 silly reify mark deleted [ 'C:\\projects\\Dynamic\\node_modules\\@esbuild\\freebsd-x64' ]
222 verbose reify failed optional dependency C:\projects\Dynamic\node_modules\@esbuild\freebsd-arm64
223 silly reify mark deleted [ 'C:\\projects\\Dynamic\\node_modules\\@esbuild\\freebsd-arm64' ]
224 verbose reify failed optional dependency C:\projects\Dynamic\node_modules\@esbuild\darwin-x64
225 silly reify mark deleted [ 'C:\\projects\\Dynamic\\node_modules\\@esbuild\\darwin-x64' ]
226 verbose reify failed optional dependency C:\projects\Dynamic\node_modules\@esbuild\darwin-arm64
227 silly reify mark deleted [ 'C:\\projects\\Dynamic\\node_modules\\@esbuild\\darwin-arm64' ]
228 verbose reify failed optional dependency C:\projects\Dynamic\node_modules\@esbuild\android-x64
229 silly reify mark deleted [ 'C:\\projects\\Dynamic\\node_modules\\@esbuild\\android-x64' ]
230 verbose reify failed optional dependency C:\projects\Dynamic\node_modules\@esbuild\android-arm64
231 silly reify mark deleted [ 'C:\\projects\\Dynamic\\node_modules\\@esbuild\\android-arm64' ]
232 verbose reify failed optional dependency C:\projects\Dynamic\node_modules\@esbuild\android-arm
233 silly reify mark deleted [ 'C:\\projects\\Dynamic\\node_modules\\@esbuild\\android-arm' ]
234 verbose reify failed optional dependency C:\projects\Dynamic\node_modules\@esbuild\aix-ppc64
235 silly reify mark deleted [ 'C:\\projects\\Dynamic\\node_modules\\@esbuild\\aix-ppc64' ]
236 silly tarball no local data for ansi-regex@https://registry.npmjs.org/ansi-regex/-/ansi-regex-5.0.1.tgz. Extracting by manifest.
237 silly tarball no local data for is-fullwidth-code-point@https://registry.npmjs.org/is-fullwidth-code-point/-/is-fullwidth-code-point-3.0.0.tgz. Extracting by manifest.
238 silly tarball no local data for emoji-regex@https://registry.npmjs.org/emoji-regex/-/emoji-regex-8.0.0.tgz. Extracting by manifest.
239 silly tarball no local data for wrap-ansi@https://registry.npmjs.org/wrap-ansi/-/wrap-ansi-7.0.0.tgz. Extracting by manifest.
240 silly tarball no local data for y18n@https://registry.npmjs.org/y18n/-/y18n-5.0.8.tgz. Extracting by manifest.
241 silly tarball no local data for yargs-parser@https://registry.npmjs.org/yargs-parser/-/yargs-parser-21.1.1.tgz. Extracting by manifest.
242 silly tarball no local data for strip-ansi@https://registry.npmjs.org/strip-ansi/-/strip-ansi-6.0.1.tgz. Extracting by manifest.
243 silly tarball no local data for get-caller-file@https://registry.npmjs.org/get-caller-file/-/get-caller-file-2.0.5.tgz. Extracting by manifest.
244 silly tarball no local data for string-width@https://registry.npmjs.org/string-width/-/string-width-4.2.3.tgz. Extracting by manifest.
245 silly tarball no local data for require-directory@https://registry.npmjs.org/require-directory/-/require-directory-2.1.1.tgz. Extracting by manifest.
246 silly tarball no local data for cliui@https://registry.npmjs.org/cliui/-/cliui-8.0.1.tgz. Extracting by manifest.
247 silly tarball no local data for has-flag@https://registry.npmjs.org/has-flag/-/has-flag-4.0.0.tgz. Extracting by manifest.
248 silly tarball no local data for tslib@https://registry.npmjs.org/tslib/-/tslib-2.8.1.tgz. Extracting by manifest.
249 silly tarball no local data for color-name@https://registry.npmjs.org/color-name/-/color-name-1.1.4.tgz. Extracting by manifest.
250 silly tarball no local data for ansi-styles@https://registry.npmjs.org/ansi-styles/-/ansi-styles-4.3.0.tgz. Extracting by manifest.
251 silly tarball no local data for color-convert@https://registry.npmjs.org/color-convert/-/color-convert-2.0.1.tgz. Extracting by manifest.
252 silly tarball no local data for yargs@https://registry.npmjs.org/yargs/-/yargs-17.7.2.tgz. Extracting by manifest.
253 silly tarball no local data for supports-color@https://registry.npmjs.org/supports-color/-/supports-color-8.1.1.tgz. Extracting by manifest.
254 silly tarball no local data for tree-kill@https://registry.npmjs.org/tree-kill/-/tree-kill-1.2.2.tgz. Extracting by manifest.
255 silly tarball no local data for rxjs@https://registry.npmjs.org/rxjs/-/rxjs-7.8.2.tgz. Extracting by manifest.
256 silly tarball no local data for shell-quote@https://registry.npmjs.org/shell-quote/-/shell-quote-1.8.3.tgz. Extracting by manifest.
257 silly tarball no local data for supports-color@https://registry.npmjs.org/supports-color/-/supports-color-7.2.0.tgz. Extracting by manifest.
258 silly tarball no local data for concurrently@https://registry.npmjs.org/concurrently/-/concurrently-9.2.1.tgz. Extracting by manifest.
259 silly tarball no local data for chalk@https://registry.npmjs.org/chalk/-/chalk-4.1.2.tgz. Extracting by manifest.
260 http fetch GET 200 https://registry.npmjs.org/is-fullwidth-code-point/-/is-fullwidth-code-point-3.0.0.tgz 212ms (cache miss)
261 http fetch POST 200 https://registry.npmjs.org/-/npm/v1/security/advisories/bulk 266ms
262 silly audit report {
262 silly audit report   esbuild: [
262 silly audit report     {
262 silly audit report       id: 1102341,
262 silly audit report       url: 'https://github.com/advisories/GHSA-67mh-4wv8-2f99',
262 silly audit report       title: 'esbuild enables any website to send any requests to the development server and read the response',
262 silly audit report       severity: 'moderate',
262 silly audit report       vulnerable_versions: '<=0.24.2',
262 silly audit report       cwe: [Array],
262 silly audit report       cvss: [Object]
262 silly audit report     }
262 silly audit report   ],
262 silly audit report   vite: [
262 silly audit report     {
262 silly audit report       id: 1116229,
262 silly audit report       url: 'https://github.com/advisories/GHSA-4w7w-66w2-5vf9',
262 silly audit report       title: 'Vite Vulnerable to Path Traversal in Optimized Deps `.map` Handling',
262 silly audit report       severity: 'moderate',
262 silly audit report       vulnerable_versions: '<=6.4.1',
262 silly audit report       cwe: [Array],
262 silly audit report       cvss: [Object]
262 silly audit report     }
262 silly audit report   ]
262 silly audit report }
263 silly packumentCache corgi:https://registry.npmjs.org/esbuild cache-miss
264 silly packumentCache corgi:https://registry.npmjs.org/vite cache-miss
265 http fetch GET 200 https://registry.npmjs.org/wrap-ansi/-/wrap-ansi-7.0.0.tgz 239ms (cache miss)
266 http fetch GET 200 https://registry.npmjs.org/ansi-regex/-/ansi-regex-5.0.1.tgz 246ms (cache miss)
267 http fetch GET 200 https://registry.npmjs.org/tree-kill/-/tree-kill-1.2.2.tgz 232ms (cache miss)
268 http fetch GET 200 https://registry.npmjs.org/ansi-styles/-/ansi-styles-4.3.0.tgz 236ms (cache miss)
269 http fetch GET 200 https://registry.npmjs.org/supports-color/-/supports-color-7.2.0.tgz 230ms (cache miss)
270 http fetch GET 200 https://registry.npmjs.org/supports-color/-/supports-color-8.1.1.tgz 239ms (cache miss)
271 http fetch GET 200 https://registry.npmjs.org/strip-ansi/-/strip-ansi-6.0.1.tgz 251ms (cache miss)
272 http fetch GET 200 https://registry.npmjs.org/color-name/-/color-name-1.1.4.tgz 249ms (cache miss)
273 http fetch GET 200 https://registry.npmjs.org/string-width/-/string-width-4.2.3.tgz 255ms (cache miss)
274 http fetch GET 200 https://registry.npmjs.org/has-flag/-/has-flag-4.0.0.tgz 255ms (cache miss)
275 http fetch GET 200 https://registry.npmjs.org/get-caller-file/-/get-caller-file-2.0.5.tgz 261ms (cache miss)
276 http fetch GET 200 https://registry.npmjs.org/color-convert/-/color-convert-2.0.1.tgz 258ms (cache miss)
277 http fetch GET 200 https://registry.npmjs.org/require-directory/-/require-directory-2.1.1.tgz 267ms (cache miss)
278 http fetch GET 200 https://registry.npmjs.org/emoji-regex/-/emoji-regex-8.0.0.tgz 276ms (cache miss)
279 http fetch GET 200 https://registry.npmjs.org/chalk/-/chalk-4.1.2.tgz 259ms (cache miss)
280 http fetch GET 200 https://registry.npmjs.org/y18n/-/y18n-5.0.8.tgz 283ms (cache miss)
281 http fetch GET 200 https://registry.npmjs.org/cliui/-/cliui-8.0.1.tgz 288ms (cache miss)
282 http fetch GET 200 https://registry.npmjs.org/esbuild 75ms (cache revalidated)
283 silly packumentCache corgi:https://registry.npmjs.org/esbuild set size:885757 disposed:false
284 http fetch GET 200 https://registry.npmjs.org/yargs-parser/-/yargs-parser-21.1.1.tgz 337ms (cache miss)
285 http fetch GET 200 https://registry.npmjs.org/shell-quote/-/shell-quote-1.8.3.tgz 324ms (cache miss)
286 http fetch GET 200 https://registry.npmjs.org/tslib/-/tslib-2.8.1.tgz 333ms (cache miss)
287 http fetch GET 200 https://registry.npmjs.org/vite 158ms (cache updated)
288 silly packumentCache corgi:https://registry.npmjs.org/vite set size:undefined disposed:false
289 silly packumentCache corgi:https://registry.npmjs.org/@vitejs%2fplugin-react cache-miss
290 http fetch GET 200 https://registry.npmjs.org/yargs/-/yargs-17.7.2.tgz 577ms (cache miss)
291 http fetch GET 200 https://registry.npmjs.org/concurrently/-/concurrently-9.2.1.tgz 620ms (cache miss)
292 http fetch GET 200 https://registry.npmjs.org/@vitejs%2fplugin-react 391ms (cache revalidated)
293 silly packumentCache corgi:https://registry.npmjs.org/@vitejs%2fplugin-react set size:112470 disposed:false
294 http fetch GET 200 https://registry.npmjs.org/rxjs/-/rxjs-7.8.2.tgz 3655ms (cache miss)
295 silly ADD node_modules/ansi-regex
296 silly ADD node_modules/is-fullwidth-code-point
297 silly ADD node_modules/emoji-regex
298 silly ADD node_modules/wrap-ansi
299 silly ADD node_modules/strip-ansi
300 silly ADD node_modules/yargs-parser
301 silly ADD node_modules/y18n
302 silly ADD node_modules/string-width
303 silly ADD node_modules/require-directory
304 silly ADD node_modules/get-caller-file
305 silly ADD node_modules/cliui
306 silly ADD node_modules/has-flag
307 silly ADD node_modules/tslib
308 silly ADD node_modules/color-name
309 silly ADD node_modules/color-convert
310 silly ADD node_modules/ansi-styles
311 silly ADD node_modules/yargs
312 silly ADD node_modules/tree-kill
313 silly ADD node_modules/supports-color
314 silly ADD node_modules/shell-quote
315 silly ADD node_modules/rxjs
316 silly ADD node_modules/chalk
317 silly ADD node_modules/chalk/node_modules/supports-color
318 silly ADD node_modules/concurrently
319 silly ADD
320 silly ADD
321 silly ADD
322 silly ADD
323 silly ADD
324 silly ADD
325 silly ADD
326 silly ADD
327 silly ADD
328 silly ADD
329 silly ADD
330 silly ADD
331 silly ADD
332 silly ADD
333 silly ADD
334 silly ADD
335 silly ADD
336 silly ADD
337 silly ADD
338 silly ADD
339 silly ADD
340 silly ADD
341 silly ADD
342 silly ADD
343 silly ADD
344 silly ADD
345 silly ADD
346 silly ADD
347 silly ADD
348 silly ADD
349 silly ADD
350 silly ADD
351 silly ADD
352 silly ADD
353 silly ADD
354 silly ADD
355 silly ADD
356 silly ADD
357 silly ADD
358 silly ADD
359 silly ADD
360 silly ADD
361 silly ADD
362 silly ADD
363 silly ADD
364 silly ADD
365 verbose cwd C:\projects\Dynamic
366 verbose os Windows_NT 10.0.26200
367 verbose node v20.20.2
368 verbose npm  v10.8.2
369 verbose exit 0
370 info ok
