0 verbose cli C:\Program Files\nodejs\node.exe C:\Program Files\nodejs\node_modules\npm\bin\npm-cli.js
1 info using npm@10.8.2
2 info using node@v20.20.2
3 silly config load:file:C:\Program Files\nodejs\node_modules\npm\npmrc
4 silly config load:file:C:\projects\Dynamic\.npmrc
5 silly config load:file:C:\Users\lokes\.npmrc
6 silly config load:file:C:\Users\lokesh\AppData\Roaming\npm\etc\npmrc
7 verbose title npm install axios
8 verbose argv "install" "axios" "--cache" "./npm-cache"
9 verbose logfile logs-max:10 dir:C:\projects\Dynamic\npm-cache\_logs\2026-04-23T05_16_19_418Z-
10 verbose logfile C:\projects\Dynamic\npm-cache\_logs\2026-04-23T05_16_19_418Z-debug-0.log
11 silly packumentCache heap:2197815296 maxSize:549453824 maxEntrySize:274726912
12 silly logfile done cleaning log files
13 silly idealTree buildDeps
14 silly fetch manifest axios@*
15 silly packumentCache full:https://registry.npmjs.org/axios cache-miss
16 verbose shrinkwrap failed to load node_modules/.package-lock.json out of date, updated: node_modules
17 http fetch GET 200 https://registry.npmjs.org/axios 174ms (cache miss)
18 silly packumentCache full:https://registry.npmjs.org/axios set size:undefined disposed:false
19 silly placeDep ROOT axios@1.15.2 OK for: dynamic-form-builder@0.0.0 want: *
20 silly fetch manifest follow-redirects@^1.15.11
21 silly packumentCache full:https://registry.npmjs.org/follow-redirects cache-miss
22 silly fetch manifest form-data@^4.0.5
23 silly packumentCache full:https://registry.npmjs.org/form-data cache-miss
24 silly fetch manifest proxy-from-env@^2.1.0
25 silly packumentCache full:https://registry.npmjs.org/proxy-from-env cache-miss
26 http fetch GET 200 https://registry.npmjs.org/follow-redirects 53ms (cache miss)
27 silly packumentCache full:https://registry.npmjs.org/follow-redirects set size:undefined disposed:false
28 http fetch GET 200 https://registry.npmjs.org/proxy-from-env 85ms (cache miss)
29 silly packumentCache full:https://registry.npmjs.org/proxy-from-env set size:undefined disposed:false
30 http fetch GET 200 https://registry.npmjs.org/form-data 91ms (cache miss)
31 silly packumentCache full:https://registry.npmjs.org/form-data set size:undefined disposed:false
32 silly placeDep ROOT follow-redirects@1.16.0 OK for: axios@1.15.2 want: ^1.15.11
33 silly placeDep ROOT form-data@4.0.5 OK for: axios@1.15.2 want: ^4.0.5
34 silly placeDep ROOT proxy-from-env@2.1.0 OK for: axios@1.15.2 want: ^2.1.0
35 silly fetch manifest asynckit@^0.4.0
36 silly packumentCache full:https://registry.npmjs.org/asynckit cache-miss
37 silly fetch manifest combined-stream@^1.0.8
38 silly packumentCache full:https://registry.npmjs.org/combined-stream cache-miss
39 silly fetch manifest es-set-tostringtag@^2.1.0
40 silly packumentCache full:https://registry.npmjs.org/es-set-tostringtag cache-miss
41 silly fetch manifest hasown@^2.0.2
42 silly packumentCache full:https://registry.npmjs.org/hasown cache-miss
43 silly fetch manifest mime-types@^2.1.12
44 silly packumentCache full:https://registry.npmjs.org/mime-types cache-miss
45 http fetch GET 200 https://registry.npmjs.org/asynckit 66ms (cache miss)
46 silly packumentCache full:https://registry.npmjs.org/asynckit set size:undefined disposed:false
47 http fetch GET 200 https://registry.npmjs.org/es-set-tostringtag 86ms (cache miss)
48 silly packumentCache full:https://registry.npmjs.org/es-set-tostringtag set size:undefined disposed:false
49 http fetch GET 200 https://registry.npmjs.org/combined-stream 91ms (cache miss)
50 silly packumentCache full:https://registry.npmjs.org/combined-stream set size:undefined disposed:false
51 http fetch GET 200 https://registry.npmjs.org/hasown 96ms (cache miss)
52 silly packumentCache full:https://registry.npmjs.org/hasown set size:undefined disposed:false
53 http fetch GET 200 https://registry.npmjs.org/mime-types 106ms (cache miss)
54 silly packumentCache full:https://registry.npmjs.org/mime-types set size:undefined disposed:false
55 silly placeDep ROOT asynckit@0.4.0 OK for: form-data@4.0.5 want: ^0.4.0
56 silly placeDep ROOT combined-stream@1.0.8 OK for: form-data@4.0.5 want: ^1.0.8
57 silly placeDep ROOT es-set-tostringtag@2.1.0 OK for: form-data@4.0.5 want: ^2.1.0
58 silly placeDep ROOT hasown@2.0.3 OK for: form-data@4.0.5 want: ^2.0.2
59 silly placeDep ROOT mime-types@2.1.35 OK for: form-data@4.0.5 want: ^2.1.12
60 silly fetch manifest delayed-stream@~1.0.0
61 silly packumentCache full:https://registry.npmjs.org/delayed-stream cache-miss
62 silly fetch manifest es-errors@^1.3.0
63 silly packumentCache full:https://registry.npmjs.org/es-errors cache-miss
64 silly fetch manifest get-intrinsic@^1.2.6
65 silly packumentCache full:https://registry.npmjs.org/get-intrinsic cache-miss
66 silly fetch manifest has-tostringtag@^1.0.2
67 silly packumentCache full:https://registry.npmjs.org/has-tostringtag cache-miss
68 silly fetch manifest function-bind@^1.1.2
69 silly packumentCache full:https://registry.npmjs.org/function-bind cache-miss
70 silly fetch manifest mime-db@1.52.0
71 silly packumentCache full:https://registry.npmjs.org/mime-db cache-miss
72 http fetch GET 200 https://registry.npmjs.org/delayed-stream 57ms (cache miss)
73 silly packumentCache full:https://registry.npmjs.org/delayed-stream set size:undefined disposed:false
74 http fetch GET 200 https://registry.npmjs.org/es-errors 60ms (cache miss)
75 silly packumentCache full:https://registry.npmjs.org/es-errors set size:undefined disposed:false
76 http fetch GET 200 https://registry.npmjs.org/has-tostringtag 63ms (cache miss)
77 silly packumentCache full:https://registry.npmjs.org/has-tostringtag set size:undefined disposed:false
78 http fetch GET 200 https://registry.npmjs.org/get-intrinsic 65ms (cache miss)
79 silly packumentCache full:https://registry.npmjs.org/get-intrinsic set size:undefined disposed:false
80 http fetch GET 200 https://registry.npmjs.org/function-bind 68ms (cache miss)
81 silly packumentCache full:https://registry.npmjs.org/function-bind set size:undefined disposed:false
82 http fetch GET 200 https://registry.npmjs.org/mime-db 83ms (cache miss)
83 silly packumentCache full:https://registry.npmjs.org/mime-db set size:undefined disposed:false
84 silly placeDep ROOT delayed-stream@1.0.0 OK for: combined-stream@1.0.8 want: ~1.0.0
85 silly placeDep ROOT es-errors@1.3.0 OK for: es-set-tostringtag@2.1.0 want: ^1.3.0
86 silly placeDep ROOT get-intrinsic@1.3.0 OK for: es-set-tostringtag@2.1.0 want: ^1.2.6
87 silly placeDep ROOT has-tostringtag@1.0.2 OK for: es-set-tostringtag@2.1.0 want: ^1.0.2
88 silly fetch manifest gopd@^1.2.0
89 silly packumentCache full:https://registry.npmjs.org/gopd cache-miss
90 silly fetch manifest get-proto@^1.0.1
91 silly packumentCache full:https://registry.npmjs.org/get-proto cache-miss
92 silly fetch manifest has-symbols@^1.1.0
93 silly packumentCache full:https://registry.npmjs.org/has-symbols cache-miss
94 silly fetch manifest es-object-atoms@^1.1.1
95 silly packumentCache full:https://registry.npmjs.org/es-object-atoms cache-miss
96 silly fetch manifest math-intrinsics@^1.1.0
97 silly packumentCache full:https://registry.npmjs.org/math-intrinsics cache-miss
98 silly fetch manifest es-define-property@^1.0.1
99 silly packumentCache full:https://registry.npmjs.org/es-define-property cache-miss
100 silly fetch manifest call-bind-apply-helpers@^1.0.2
101 silly packumentCache full:https://registry.npmjs.org/call-bind-apply-helpers cache-miss
102 http fetch GET 200 https://registry.npmjs.org/gopd 56ms (cache miss)
103 silly packumentCache full:https://registry.npmjs.org/gopd set size:undefined disposed:false
104 silly fetch manifest has-symbols@^1.0.3
105 silly packumentCache full:https://registry.npmjs.org/has-symbols cache-miss
106 http fetch GET 200 https://registry.npmjs.org/get-proto 63ms (cache miss)
107 silly packumentCache full:https://registry.npmjs.org/get-proto set size:undefined disposed:false
108 http fetch GET 200 https://registry.npmjs.org/es-object-atoms 63ms (cache miss)
109 silly packumentCache full:https://registry.npmjs.org/es-object-atoms set size:undefined disposed:false
110 http fetch GET 200 https://registry.npmjs.org/has-symbols 64ms (cache miss)
111 silly packumentCache full:https://registry.npmjs.org/has-symbols set size:undefined disposed:false
112 http fetch GET 200 https://registry.npmjs.org/math-intrinsics 67ms (cache miss)
113 silly packumentCache full:https://registry.npmjs.org/math-intrinsics set size:undefined disposed:false
114 http fetch GET 200 https://registry.npmjs.org/es-define-property 71ms (cache miss)
115 silly packumentCache full:https://registry.npmjs.org/es-define-property set size:undefined disposed:false
116 http fetch GET 200 https://registry.npmjs.org/has-symbols 25ms (cache miss)
117 silly packumentCache full:https://registry.npmjs.org/has-symbols set size:undefined disposed:false
118 http fetch GET 200 https://registry.npmjs.org/call-bind-apply-helpers 82ms (cache miss)
119 silly packumentCache full:https://registry.npmjs.org/call-bind-apply-helpers set size:undefined disposed:false
120 silly placeDep ROOT call-bind-apply-helpers@1.0.2 OK for: get-intrinsic@1.3.0 want: ^1.0.2
121 silly placeDep ROOT es-define-property@1.0.1 OK for: get-intrinsic@1.3.0 want: ^1.0.1
122 silly placeDep ROOT es-object-atoms@1.1.1 OK for: get-intrinsic@1.3.0 want: ^1.1.1
123 silly placeDep ROOT function-bind@1.1.2 OK for: get-intrinsic@1.3.0 want: ^1.1.2
124 silly placeDep ROOT get-proto@1.0.1 OK for: get-intrinsic@1.3.0 want: ^1.0.1
125 silly placeDep ROOT gopd@1.2.0 OK for: get-intrinsic@1.3.0 want: ^1.2.0
126 silly placeDep ROOT has-symbols@1.1.0 OK for: get-intrinsic@1.3.0 want: ^1.1.0
127 silly placeDep ROOT math-intrinsics@1.1.0 OK for: get-intrinsic@1.3.0 want: ^1.1.0
128 silly fetch manifest dunder-proto@^1.0.1
129 silly packumentCache full:https://registry.npmjs.org/dunder-proto cache-miss
130 http fetch GET 200 https://registry.npmjs.org/dunder-proto 24ms (cache miss)
131 silly packumentCache full:https://registry.npmjs.org/dunder-proto set size:undefined disposed:false
132 silly placeDep ROOT dunder-proto@1.0.1 OK for: get-proto@1.0.1 want: ^1.0.1
133 silly placeDep ROOT mime-db@1.52.0 OK for: mime-types@2.1.35 want: 1.52.0
134 silly reify moves {}
135 silly audit bulk request {
135 silly audit   '@babel/code-frame': [ '7.29.0' ],
135 silly audit   '@babel/compat-data': [ '7.29.0' ],
135 silly audit   '@babel/core': [ '7.29.0' ],
135 silly audit   '@babel/generator': [ '7.29.1' ],
135 silly audit   '@babel/helper-compilation-targets': [ '7.28.6' ],
135 silly audit   '@babel/helper-globals': [ '7.28.0' ],
135 silly audit   '@babel/helper-module-imports': [ '7.28.6' ],
135 silly audit   '@babel/helper-module-transforms': [ '7.28.6' ],
135 silly audit   '@babel/helper-plugin-utils': [ '7.28.6' ],
135 silly audit   '@babel/helper-string-parser': [ '7.27.1' ],
135 silly audit   '@babel/helper-validator-identifier': [ '7.28.5' ],
135 silly audit   '@babel/helper-validator-option': [ '7.27.1' ],
135 silly audit   '@babel/helpers': [ '7.29.2' ],
135 silly audit   '@babel/parser': [ '7.29.2' ],
135 silly audit   '@babel/plugin-transform-react-jsx-self': [ '7.27.1' ],
135 silly audit   '@babel/plugin-transform-react-jsx-source': [ '7.27.1' ],
135 silly audit   '@babel/template': [ '7.28.6' ],
135 silly audit   '@babel/traverse': [ '7.29.0' ],
135 silly audit   '@babel/types': [ '7.29.0' ],
135 silly audit   '@esbuild/aix-ppc64': [ '0.21.5' ],
135 silly audit   '@esbuild/android-arm': [ '0.21.5' ],
135 silly audit   '@esbuild/android-arm64': [ '0.21.5' ],
135 silly audit   '@esbuild/android-x64': [ '0.21.5' ],
135 silly audit   '@esbuild/darwin-arm64': [ '0.21.5' ],
135 silly audit   '@esbuild/darwin-x64': [ '0.21.5' ],
135 silly audit   '@esbuild/freebsd-arm64': [ '0.21.5' ],
135 silly audit   '@esbuild/freebsd-x64': [ '0.21.5' ],
135 silly audit   '@esbuild/linux-arm': [ '0.21.5' ],
135 silly audit   '@esbuild/linux-arm64': [ '0.21.5' ],
135 silly audit   '@esbuild/linux-ia32': [ '0.21.5' ],
135 silly audit   '@esbuild/linux-loong64': [ '0.21.5' ],
135 silly audit   '@esbuild/linux-mips64el': [ '0.21.5' ],
135 silly audit   '@esbuild/linux-ppc64': [ '0.21.5' ],
135 silly audit   '@esbuild/linux-riscv64': [ '0.21.5' ],
135 silly audit   '@esbuild/linux-s390x': [ '0.21.5' ],
135 silly audit   '@esbuild/linux-x64': [ '0.21.5' ],
135 silly audit   '@esbuild/netbsd-x64': [ '0.21.5' ],
135 silly audit   '@esbuild/openbsd-x64': [ '0.21.5' ],
135 silly audit   '@esbuild/sunos-x64': [ '0.21.5' ],
135 silly audit   '@esbuild/win32-arm64': [ '0.21.5' ],
135 silly audit   '@esbuild/win32-ia32': [ '0.21.5' ],
135 silly audit   '@esbuild/win32-x64': [ '0.21.5' ],
135 silly audit   '@jridgewell/gen-mapping': [ '0.3.13' ],
135 silly audit   '@jridgewell/remapping': [ '2.3.5' ],
135 silly audit   '@jridgewell/resolve-uri': [ '3.1.2' ],
135 silly audit   '@jridgewell/sourcemap-codec': [ '1.5.5' ],
135 silly audit   '@jridgewell/trace-mapping': [ '0.3.31' ],
135 silly audit   '@rolldown/pluginutils': [ '1.0.0-beta.27' ],
135 silly audit   '@rollup/rollup-android-arm-eabi': [ '4.60.2' ],
135 silly audit   '@rollup/rollup-android-arm64': [ '4.60.2' ],
135 silly audit   '@rollup/rollup-darwin-arm64': [ '4.60.2' ],
135 silly audit   '@rollup/rollup-darwin-x64': [ '4.60.2' ],
135 silly audit   '@rollup/rollup-freebsd-arm64': [ '4.60.2' ],
135 silly audit   '@rollup/rollup-freebsd-x64': [ '4.60.2' ],
135 silly audit   '@rollup/rollup-linux-arm-gnueabihf': [ '4.60.2' ],
135 silly audit   '@rollup/rollup-linux-arm-musleabihf': [ '4.60.2' ],
135 silly audit   '@rollup/rollup-linux-arm64-gnu': [ '4.60.2' ],
135 silly audit   '@rollup/rollup-linux-arm64-musl': [ '4.60.2' ],
135 silly audit   '@rollup/rollup-linux-loong64-gnu': [ '4.60.2' ],
135 silly audit   '@rollup/rollup-linux-loong64-musl': [ '4.60.2' ],
135 silly audit   '@rollup/rollup-linux-ppc64-gnu': [ '4.60.2' ],
135 silly audit   '@rollup/rollup-linux-ppc64-musl': [ '4.60.2' ],
135 silly audit   '@rollup/rollup-linux-riscv64-gnu': [ '4.60.2' ],
135 silly audit   '@rollup/rollup-linux-riscv64-musl': [ '4.60.2' ],
135 silly audit   '@rollup/rollup-linux-s390x-gnu': [ '4.60.2' ],
135 silly audit   '@rollup/rollup-linux-x64-gnu': [ '4.60.2' ],
135 silly audit   '@rollup/rollup-linux-x64-musl': [ '4.60.2' ],
135 silly audit   '@rollup/rollup-openbsd-x64': [ '4.60.2' ],
135 silly audit   '@rollup/rollup-openharmony-arm64': [ '4.60.2' ],
135 silly audit   '@rollup/rollup-win32-arm64-msvc': [ '4.60.2' ],
135 silly audit   '@rollup/rollup-win32-ia32-msvc': [ '4.60.2' ],
135 silly audit   '@rollup/rollup-win32-x64-gnu': [ '4.60.2' ],
135 silly audit   '@rollup/rollup-win32-x64-msvc': [ '4.60.2' ],
135 silly audit   '@types/babel__core': [ '7.20.5' ],
135 silly audit   '@types/babel__generator': [ '7.27.0' ],
135 silly audit   '@types/babel__template': [ '7.4.4' ],
135 silly audit   '@types/babel__traverse': [ '7.28.0' ],
135 silly audit   '@types/estree': [ '1.0.8' ],
135 silly audit   '@vitejs/plugin-react': [ '4.7.0' ],
135 silly audit   'baseline-browser-mapping': [ '2.10.20' ],
135 silly audit   browserslist: [ '4.28.2' ],
135 silly audit   'caniuse-lite': [ '1.0.30001788' ],
135 silly audit   'convert-source-map': [ '2.0.0' ],
135 silly audit   debug: [ '4.4.3' ],
135 silly audit   'electron-to-chromium': [ '1.5.340' ],
135 silly audit   esbuild: [ '0.21.5' ],
135 silly audit   escalade: [ '3.2.0' ],
135 silly audit   fsevents: [ '2.3.3' ],
135 silly audit   gensync: [ '1.0.0-beta.2' ],
135 silly audit   'js-tokens': [ '4.0.0' ],
135 silly audit   jsesc: [ '3.1.0' ],
135 silly audit   json5: [ '2.2.3' ],
135 silly audit   'loose-envify': [ '1.4.0' ],
135 silly audit   'lru-cache': [ '5.1.1' ],
135 silly audit   'lucide-react': [ '0.368.0' ],
135 silly audit   ms: [ '2.1.3' ],
135 silly audit   nanoid: [ '3.3.11' ],
135 silly audit   'node-releases': [ '2.0.37' ],
135 silly audit   picocolors: [ '1.1.1' ],
135 silly audit   postcss: [ '8.5.10' ],
135 silly audit   react: [ '18.3.1' ],
135 silly audit   'react-dom': [ '18.3.1' ],
135 silly audit   'react-refresh': [ '0.17.0' ],
135 silly audit   rollup: [ '4.60.2' ],
135 silly audit   scheduler: [ '0.23.2' ],
135 silly audit   semver: [ '6.3.1' ],
135 silly audit   'source-map-js': [ '1.2.1' ],
135 silly audit   'update-browserslist-db': [ '1.2.3' ],
135 silly audit   vite: [ '5.4.21' ],
135 silly audit   yallist: [ '3.1.1' ],
135 silly audit   axios: [ '1.15.2' ],
135 silly audit   'follow-redirects': [ '1.16.0' ],
135 silly audit   'form-data': [ '4.0.5' ],
135 silly audit   'proxy-from-env': [ '2.1.0' ],
135 silly audit   asynckit: [ '0.4.0' ],
135 silly audit   'combined-stream': [ '1.0.8' ],
135 silly audit   'es-set-tostringtag': [ '2.1.0' ],
135 silly audit   hasown: [ '2.0.3' ],
135 silly audit   'mime-types': [ '2.1.35' ],
135 silly audit   'delayed-stream': [ '1.0.0' ],
135 silly audit   'es-errors': [ '1.3.0' ],
135 silly audit   'get-intrinsic': [ '1.3.0' ],
135 silly audit   'has-tostringtag': [ '1.0.2' ],
135 silly audit   'call-bind-apply-helpers': [ '1.0.2' ],
135 silly audit   'es-define-property': [ '1.0.1' ],
135 silly audit   'es-object-atoms': [ '1.1.1' ],
135 silly audit   'function-bind': [ '1.1.2' ],
135 silly audit   'get-proto': [ '1.0.1' ],
135 silly audit   gopd: [ '1.2.0' ],
135 silly audit   'has-symbols': [ '1.1.0' ],
135 silly audit   'math-intrinsics': [ '1.1.0' ],
135 silly audit   'dunder-proto': [ '1.0.1' ],
135 silly audit   'mime-db': [ '1.52.0' ]
135 silly audit }
136 verbose reify failed optional dependency C:\projects\Dynamic\node_modules\fsevents
137 silly reify mark deleted [ 'C:\\projects\\Dynamic\\node_modules\\fsevents' ]
138 verbose reify failed optional dependency C:\projects\Dynamic\node_modules\@rollup\rollup-win32-ia32-msvc
139 silly reify mark deleted [
139 silly reify   'C:\\projects\\Dynamic\\node_modules\\@rollup\\rollup-win32-ia32-msvc'
139 silly reify ]
140 verbose reify failed optional dependency C:\projects\Dynamic\node_modules\@rollup\rollup-win32-arm64-msvc
141 silly reify mark deleted [
141 silly reify   'C:\\projects\\Dynamic\\node_modules\\@rollup\\rollup-win32-arm64-msvc'
141 silly reify ]
142 verbose reify failed optional dependency C:\projects\Dynamic\node_modules\@rollup\rollup-openharmony-arm64
143 silly reify mark deleted [
143 silly reify   'C:\\projects\\Dynamic\\node_modules\\@rollup\\rollup-openharmony-arm64'
143 silly reify ]
144 verbose reify failed optional dependency C:\projects\Dynamic\node_modules\@rollup\rollup-openbsd-x64
145 silly reify mark deleted [ 'C:\\projects\\Dynamic\\node_modules\\@rollup\\rollup-openbsd-x64' ]
146 verbose reify failed optional dependency C:\projects\Dynamic\node_modules\@rollup\rollup-linux-x64-musl
147 silly reify mark deleted [
147 silly reify   'C:\\projects\\Dynamic\\node_modules\\@rollup\\rollup-linux-x64-musl'
147 silly reify ]
148 verbose reify failed optional dependency C:\projects\Dynamic\node_modules\@rollup\rollup-linux-x64-gnu
149 silly reify mark deleted [
149 silly reify   'C:\\projects\\Dynamic\\node_modules\\@rollup\\rollup-linux-x64-gnu'
149 silly reify ]
150 verbose reify failed optional dependency C:\projects\Dynamic\node_modules\@rollup\rollup-linux-s390x-gnu
151 silly reify mark deleted [
151 silly reify   'C:\\projects\\Dynamic\\node_modules\\@rollup\\rollup-linux-s390x-gnu'
151 silly reify ]
152 verbose reify failed optional dependency C:\projects\Dynamic\node_modules\@rollup\rollup-linux-riscv64-musl
153 silly reify mark deleted [
153 silly reify   'C:\\projects\\Dynamic\\node_modules\\@rollup\\rollup-linux-riscv64-musl'
153 silly reify ]
154 verbose reify failed optional dependency C:\projects\Dynamic\node_modules\@rollup\rollup-linux-riscv64-gnu
155 silly reify mark deleted [
155 silly reify   'C:\\projects\\Dynamic\\node_modules\\@rollup\\rollup-linux-riscv64-gnu'
155 silly reify ]
156 verbose reify failed optional dependency C:\projects\Dynamic\node_modules\@rollup\rollup-linux-ppc64-musl
157 silly reify mark deleted [
157 silly reify   'C:\\projects\\Dynamic\\node_modules\\@rollup\\rollup-linux-ppc64-musl'
157 silly reify ]
158 verbose reify failed optional dependency C:\projects\Dynamic\node_modules\@rollup\rollup-linux-ppc64-gnu
159 silly reify mark deleted [
159 silly reify   'C:\\projects\\Dynamic\\node_modules\\@rollup\\rollup-linux-ppc64-gnu'
159 silly reify ]
160 verbose reify failed optional dependency C:\projects\Dynamic\node_modules\@rollup\rollup-linux-loong64-musl
161 silly reify mark deleted [
161 silly reify   'C:\\projects\\Dynamic\\node_modules\\@rollup\\rollup-linux-loong64-musl'
161 silly reify ]
162 verbose reify failed optional dependency C:\projects\Dynamic\node_modules\@rollup\rollup-linux-loong64-gnu
163 silly reify mark deleted [
163 silly reify   'C:\\projects\\Dynamic\\node_modules\\@rollup\\rollup-linux-loong64-gnu'
163 silly reify ]
164 verbose reify failed optional dependency C:\projects\Dynamic\node_modules\@rollup\rollup-linux-arm64-musl
165 silly reify mark deleted [
165 silly reify   'C:\\projects\\Dynamic\\node_modules\\@rollup\\rollup-linux-arm64-musl'
165 silly reify ]
166 verbose reify failed optional dependency C:\projects\Dynamic\node_modules\@rollup\rollup-linux-arm64-gnu
167 silly reify mark deleted [
167 silly reify   'C:\\projects\\Dynamic\\node_modules\\@rollup\\rollup-linux-arm64-gnu'
167 silly reify ]
168 verbose reify failed optional dependency C:\projects\Dynamic\node_modules\@rollup\rollup-linux-arm-musleabihf
169 silly reify mark deleted [
169 silly reify   'C:\\projects\\Dynamic\\node_modules\\@rollup\\rollup-linux-arm-musleabihf'
169 silly reify ]
170 verbose reify failed optional dependency C:\projects\Dynamic\node_modules\@rollup\rollup-linux-arm-gnueabihf
171 silly reify mark deleted [
171 silly reify   'C:\\projects\\Dynamic\\node_modules\\@rollup\\rollup-linux-arm-gnueabihf'
171 silly reify ]
172 verbose reify failed optional dependency C:\projects\Dynamic\node_modules\@rollup\rollup-freebsd-x64
173 silly reify mark deleted [ 'C:\\projects\\Dynamic\\node_modules\\@rollup\\rollup-freebsd-x64' ]
174 verbose reify failed optional dependency C:\projects\Dynamic\node_modules\@rollup\rollup-freebsd-arm64
175 silly reify mark deleted [
175 silly reify   'C:\\projects\\Dynamic\\node_modules\\@rollup\\rollup-freebsd-arm64'
175 silly reify ]
176 verbose reify failed optional dependency C:\projects\Dynamic\node_modules\@rollup\rollup-darwin-x64
177 silly reify mark deleted [ 'C:\\projects\\Dynamic\\node_modules\\@rollup\\rollup-darwin-x64' ]
178 verbose reify failed optional dependency C:\projects\Dynamic\node_modules\@rollup\rollup-darwin-arm64
179 silly reify mark deleted [ 'C:\\projects\\Dynamic\\node_modules\\@rollup\\rollup-darwin-arm64' ]
180 verbose reify failed optional dependency C:\projects\Dynamic\node_modules\@rollup\rollup-android-arm64
181 silly reify mark deleted [
181 silly reify   'C:\\projects\\Dynamic\\node_modules\\@rollup\\rollup-android-arm64'
181 silly reify ]
182 verbose reify failed optional dependency C:\projects\Dynamic\node_modules\@rollup\rollup-android-arm-eabi
183 silly reify mark deleted [
183 silly reify   'C:\\projects\\Dynamic\\node_modules\\@rollup\\rollup-android-arm-eabi'
183 silly reify ]
184 verbose reify failed optional dependency C:\projects\Dynamic\node_modules\@esbuild\win32-ia32
185 silly reify mark deleted [ 'C:\\projects\\Dynamic\\node_modules\\@esbuild\\win32-ia32' ]
186 verbose reify failed optional dependency C:\projects\Dynamic\node_modules\@esbuild\win32-arm64
187 silly reify mark deleted [ 'C:\\projects\\Dynamic\\node_modules\\@esbuild\\win32-arm64' ]
188 verbose reify failed optional dependency C:\projects\Dynamic\node_modules\@esbuild\sunos-x64
189 silly reify mark deleted [ 'C:\\projects\\Dynamic\\node_modules\\@esbuild\\sunos-x64' ]
190 verbose reify failed optional dependency C:\projects\Dynamic\node_modules\@esbuild\openbsd-x64
191 silly reify mark deleted [ 'C:\\projects\\Dynamic\\node_modules\\@esbuild\\openbsd-x64' ]
192 verbose reify failed optional dependency C:\projects\Dynamic\node_modules\@esbuild\netbsd-x64
193 silly reify mark deleted [ 'C:\\projects\\Dynamic\\node_modules\\@esbuild\\netbsd-x64' ]
194 verbose reify failed optional dependency C:\projects\Dynamic\node_modules\@esbuild\linux-x64
195 silly reify mark deleted [ 'C:\\projects\\Dynamic\\node_modules\\@esbuild\\linux-x64' ]
196 verbose reify failed optional dependency C:\projects\Dynamic\node_modules\@esbuild\linux-s390x
197 silly reify mark deleted [ 'C:\\projects\\Dynamic\\node_modules\\@esbuild\\linux-s390x' ]
198 verbose reify failed optional dependency C:\projects\Dynamic\node_modules\@esbuild\linux-riscv64
199 silly reify mark deleted [ 'C:\\projects\\Dynamic\\node_modules\\@esbuild\\linux-riscv64' ]
200 verbose reify failed optional dependency C:\projects\Dynamic\node_modules\@esbuild\linux-ppc64
201 silly reify mark deleted [ 'C:\\projects\\Dynamic\\node_modules\\@esbuild\\linux-ppc64' ]
202 verbose reify failed optional dependency C:\projects\Dynamic\node_modules\@esbuild\linux-mips64el
203 silly reify mark deleted [ 'C:\\projects\\Dynamic\\node_modules\\@esbuild\\linux-mips64el' ]
204 verbose reify failed optional dependency C:\projects\Dynamic\node_modules\@esbuild\linux-loong64
205 silly reify mark deleted [ 'C:\\projects\\Dynamic\\node_modules\\@esbuild\\linux-loong64' ]
206 verbose reify failed optional dependency C:\projects\Dynamic\node_modules\@esbuild\linux-ia32
207 silly reify mark deleted [ 'C:\\projects\\Dynamic\\node_modules\\@esbuild\\linux-ia32' ]
208 verbose reify failed optional dependency C:\projects\Dynamic\node_modules\@esbuild\linux-arm64
209 silly reify mark deleted [ 'C:\\projects\\Dynamic\\node_modules\\@esbuild\\linux-arm64' ]
210 verbose reify failed optional dependency C:\projects\Dynamic\node_modules\@esbuild\linux-arm
211 silly reify mark deleted [ 'C:\\projects\\Dynamic\\node_modules\\@esbuild\\linux-arm' ]
212 verbose reify failed optional dependency C:\projects\Dynamic\node_modules\@esbuild\freebsd-x64
213 silly reify mark deleted [ 'C:\\projects\\Dynamic\\node_modules\\@esbuild\\freebsd-x64' ]
214 verbose reify failed optional dependency C:\projects\Dynamic\node_modules\@esbuild\freebsd-arm64
215 silly reify mark deleted [ 'C:\\projects\\Dynamic\\node_modules\\@esbuild\\freebsd-arm64' ]
216 verbose reify failed optional dependency C:\projects\Dynamic\node_modules\@esbuild\darwin-x64
217 silly reify mark deleted [ 'C:\\projects\\Dynamic\\node_modules\\@esbuild\\darwin-x64' ]
218 verbose reify failed optional dependency C:\projects\Dynamic\node_modules\@esbuild\darwin-arm64
219 silly reify mark deleted [ 'C:\\projects\\Dynamic\\node_modules\\@esbuild\\darwin-arm64' ]
220 verbose reify failed optional dependency C:\projects\Dynamic\node_modules\@esbuild\android-x64
221 silly reify mark deleted [ 'C:\\projects\\Dynamic\\node_modules\\@esbuild\\android-x64' ]
222 verbose reify failed optional dependency C:\projects\Dynamic\node_modules\@esbuild\android-arm64
223 silly reify mark deleted [ 'C:\\projects\\Dynamic\\node_modules\\@esbuild\\android-arm64' ]
224 verbose reify failed optional dependency C:\projects\Dynamic\node_modules\@esbuild\android-arm
225 silly reify mark deleted [ 'C:\\projects\\Dynamic\\node_modules\\@esbuild\\android-arm' ]
226 verbose reify failed optional dependency C:\projects\Dynamic\node_modules\@esbuild\aix-ppc64
227 silly reify mark deleted [ 'C:\\projects\\Dynamic\\node_modules\\@esbuild\\aix-ppc64' ]
228 silly tarball no local data for dunder-proto@https://registry.npmjs.org/dunder-proto/-/dunder-proto-1.0.1.tgz. Extracting by manifest.
229 silly tarball no local data for mime-db@https://registry.npmjs.org/mime-db/-/mime-db-1.52.0.tgz. Extracting by manifest.
230 silly tarball no local data for math-intrinsics@https://registry.npmjs.org/math-intrinsics/-/math-intrinsics-1.1.0.tgz. Extracting by manifest.
231 silly tarball no local data for has-symbols@https://registry.npmjs.org/has-symbols/-/has-symbols-1.1.0.tgz. Extracting by manifest.
232 silly tarball no local data for gopd@https://registry.npmjs.org/gopd/-/gopd-1.2.0.tgz. Extracting by manifest.
233 silly tarball no local data for es-object-atoms@https://registry.npmjs.org/es-object-atoms/-/es-object-atoms-1.1.1.tgz. Extracting by manifest.
234 silly tarball no local data for get-proto@https://registry.npmjs.org/get-proto/-/get-proto-1.0.1.tgz. Extracting by manifest.
235 silly tarball no local data for function-bind@https://registry.npmjs.org/function-bind/-/function-bind-1.1.2.tgz. Extracting by manifest.
236 silly tarball no local data for es-define-property@https://registry.npmjs.org/es-define-property/-/es-define-property-1.0.1.tgz. Extracting by manifest.
237 silly tarball no local data for has-tostringtag@https://registry.npmjs.org/has-tostringtag/-/has-tostringtag-1.0.2.tgz. Extracting by manifest.
238 silly tarball no local data for get-intrinsic@https://registry.npmjs.org/get-intrinsic/-/get-intrinsic-1.3.0.tgz. Extracting by manifest.
239 silly tarball no local data for delayed-stream@https://registry.npmjs.org/delayed-stream/-/delayed-stream-1.0.0.tgz. Extracting by manifest.
240 silly tarball no local data for call-bind-apply-helpers@https://registry.npmjs.org/call-bind-apply-helpers/-/call-bind-apply-helpers-1.0.2.tgz. Extracting by manifest.
241 silly tarball no local data for es-errors@https://registry.npmjs.org/es-errors/-/es-errors-1.3.0.tgz. Extracting by manifest.
242 silly tarball no local data for hasown@https://registry.npmjs.org/hasown/-/hasown-2.0.3.tgz. Extracting by manifest.
243 silly tarball no local data for es-set-tostringtag@https://registry.npmjs.org/es-set-tostringtag/-/es-set-tostringtag-2.1.0.tgz. Extracting by manifest.
244 silly tarball no local data for mime-types@https://registry.npmjs.org/mime-types/-/mime-types-2.1.35.tgz. Extracting by manifest.
245 silly tarball no local data for combined-stream@https://registry.npmjs.org/combined-stream/-/combined-stream-1.0.8.tgz. Extracting by manifest.
246 silly tarball no local data for proxy-from-env@https://registry.npmjs.org/proxy-from-env/-/proxy-from-env-2.1.0.tgz. Extracting by manifest.
247 silly tarball no local data for follow-redirects@https://registry.npmjs.org/follow-redirects/-/follow-redirects-1.16.0.tgz. Extracting by manifest.
248 silly tarball no local data for asynckit@https://registry.npmjs.org/asynckit/-/asynckit-0.4.0.tgz. Extracting by manifest.
249 silly tarball no local data for form-data@https://registry.npmjs.org/form-data/-/form-data-4.0.5.tgz. Extracting by manifest.
250 silly tarball no local data for axios@https://registry.npmjs.org/axios/-/axios-1.15.2.tgz. Extracting by manifest.
251 http fetch POST 200 https://registry.npmjs.org/-/npm/v1/security/advisories/bulk 404ms
252 silly audit report {
252 silly audit report   esbuild: [
252 silly audit report     {
252 silly audit report       id: 1102341,
252 silly audit report       url: 'https://github.com/advisories/GHSA-67mh-4wv8-2f99',
252 silly audit report       title: 'esbuild enables any website to send any requests to the development server and read the response',
252 silly audit report       severity: 'moderate',
252 silly audit report       vulnerable_versions: '<=0.24.2',
252 silly audit report       cwe: [Array],
252 silly audit report       cvss: [Object]
252 silly audit report     }
252 silly audit report   ],
252 silly audit report   vite: [
252 silly audit report     {
252 silly audit report       id: 1116229,
252 silly audit report       url: 'https://github.com/advisories/GHSA-4w7w-66w2-5vf9',
252 silly audit report       title: 'Vite Vulnerable to Path Traversal in Optimized Deps `.map` Handling',
252 silly audit report       severity: 'moderate',
252 silly audit report       vulnerable_versions: '<=6.4.1',
252 silly audit report       cwe: [Array],
252 silly audit report       cvss: [Object]
252 silly audit report     }
252 silly audit report   ]
252 silly audit report }
253 silly packumentCache corgi:https://registry.npmjs.org/esbuild cache-miss
254 silly packumentCache corgi:https://registry.npmjs.org/vite cache-miss
255 http fetch GET 200 https://registry.npmjs.org/asynckit/-/asynckit-0.4.0.tgz 398ms (cache miss)
256 http fetch GET 200 https://registry.npmjs.org/proxy-from-env/-/proxy-from-env-2.1.0.tgz 428ms (cache miss)
257 http fetch GET 200 https://registry.npmjs.org/combined-stream/-/combined-stream-1.0.8.tgz 434ms (cache miss)
258 http fetch GET 200 https://registry.npmjs.org/delayed-stream/-/delayed-stream-1.0.0.tgz 543ms (cache miss)
259 http fetch GET 200 https://registry.npmjs.org/mime-types/-/mime-types-2.1.35.tgz 556ms (cache miss)
260 http fetch GET 200 https://registry.npmjs.org/mime-db/-/mime-db-1.52.0.tgz 638ms (cache miss)
261 http fetch GET 200 https://registry.npmjs.org/hasown/-/hasown-2.0.3.tgz 613ms (cache miss)
262 http fetch GET 200 https://registry.npmjs.org/follow-redirects/-/follow-redirects-1.16.0.tgz 612ms (cache miss)
263 http fetch GET 200 https://registry.npmjs.org/es-set-tostringtag/-/es-set-tostringtag-2.1.0.tgz 680ms (cache miss)
264 http fetch GET 200 https://registry.npmjs.org/gopd/-/gopd-1.2.0.tgz 711ms (cache miss)
265 http fetch GET 200 https://registry.npmjs.org/es-define-property/-/es-define-property-1.0.1.tgz 710ms (cache miss)
266 http fetch GET 200 https://registry.npmjs.org/get-intrinsic/-/get-intrinsic-1.3.0.tgz 734ms (cache miss)
267 http fetch GET 200 https://registry.npmjs.org/form-data/-/form-data-4.0.5.tgz 708ms (cache miss)
268 http fetch GET 200 https://registry.npmjs.org/function-bind/-/function-bind-1.1.2.tgz 756ms (cache miss)
269 http fetch GET 200 https://registry.npmjs.org/dunder-proto/-/dunder-proto-1.0.1.tgz 787ms (cache miss)
270 http fetch GET 200 https://registry.npmjs.org/es-object-atoms/-/es-object-atoms-1.1.1.tgz 797ms (cache miss)
271 http fetch GET 200 https://registry.npmjs.org/get-proto/-/get-proto-1.0.1.tgz 801ms (cache miss)
272 http fetch GET 200 https://registry.npmjs.org/has-tostringtag/-/has-tostringtag-1.0.2.tgz 812ms (cache miss)
273 http fetch GET 200 https://registry.npmjs.org/has-symbols/-/has-symbols-1.1.0.tgz 829ms (cache miss)
274 http fetch GET 200 https://registry.npmjs.org/call-bind-apply-helpers/-/call-bind-apply-helpers-1.0.2.tgz 841ms (cache miss)
275 http fetch GET 200 https://registry.npmjs.org/es-errors/-/es-errors-1.3.0.tgz 862ms (cache miss)
276 http fetch GET 200 https://registry.npmjs.org/esbuild 645ms (cache miss)
277 silly packumentCache corgi:https://registry.npmjs.org/esbuild set size:undefined disposed:false
278 http fetch GET 200 https://registry.npmjs.org/math-intrinsics/-/math-intrinsics-1.1.0.tgz 1006ms (cache miss)
279 http fetch GET 200 https://registry.npmjs.org/vite 749ms (cache miss)
280 silly packumentCache corgi:https://registry.npmjs.org/vite set size:undefined disposed:false
281 silly packumentCache corgi:https://registry.npmjs.org/@vitejs%2fplugin-react cache-miss
282 http fetch GET 200 https://registry.npmjs.org/@vitejs%2fplugin-react 227ms (cache miss)
283 silly packumentCache corgi:https://registry.npmjs.org/@vitejs%2fplugin-react set size:undefined disposed:false
284 http fetch GET 200 https://registry.npmjs.org/axios/-/axios-1.15.2.tgz 2155ms (cache miss)
285 silly ADD node_modules/mime-db
286 silly ADD node_modules/dunder-proto
287 silly ADD node_modules/math-intrinsics
288 silly ADD node_modules/has-symbols
289 silly ADD node_modules/gopd
290 silly ADD node_modules/get-proto
291 silly ADD node_modules/function-bind
292 silly ADD node_modules/es-object-atoms
293 silly ADD node_modules/es-define-property
294 silly ADD node_modules/call-bind-apply-helpers
295 silly ADD node_modules/has-tostringtag
296 silly ADD node_modules/get-intrinsic
297 silly ADD node_modules/es-errors
298 silly ADD node_modules/delayed-stream
299 silly ADD node_modules/mime-types
300 silly ADD node_modules/hasown
301 silly ADD node_modules/es-set-tostringtag
302 silly ADD node_modules/combined-stream
303 silly ADD node_modules/asynckit
304 silly ADD node_modules/proxy-from-env
305 silly ADD node_modules/form-data
306 silly ADD node_modules/follow-redirects
307 silly ADD node_modules/axios
308 silly ADD
309 silly ADD
310 silly ADD
311 silly ADD
312 silly ADD
313 silly ADD
314 silly ADD
315 silly ADD
316 silly ADD
317 silly ADD
318 silly ADD
319 silly ADD
320 silly ADD
321 silly ADD
322 silly ADD
323 silly ADD
324 silly ADD
325 silly ADD
326 silly ADD
327 silly ADD
328 silly ADD
329 silly ADD
330 silly ADD
331 silly ADD
332 silly ADD
333 silly ADD
334 silly ADD
335 silly ADD
336 silly ADD
337 silly ADD
338 silly ADD
339 silly ADD
340 silly ADD
341 silly ADD
342 silly ADD
343 silly ADD
344 silly ADD
345 silly ADD
346 silly ADD
347 silly ADD
348 silly ADD
349 silly ADD
350 silly ADD
351 silly ADD
352 silly ADD
353 silly ADD
354 verbose cwd C:\projects\Dynamic
355 verbose os Windows_NT 10.0.26200
356 verbose node v20.20.2
357 verbose npm  v10.8.2
358 verbose exit 0
359 info ok
